


ARM Macro Assembler    Page 1 


    1 00000000                 AREA             |.text|,CODE,READONLY,ALIGN=2
    2 00000000                 THUMB
    3 00000000                 EXTERN           currentThread
    4 00000000                 EXPORT           osSchedulerLaunch
    5 00000000                 EXPORT           SysTick_Handler
    6 00000000         
    7 00000000         
    8 00000000         ;Thread switcher
    9 00000000         ;save r0,r1,r2,r3,r12,lr,pc,psr
   10 00000000         SysTick_Handler
   11 00000000         
   12 00000000 B672            CPSID            I           ;Disable interrupt
   13 00000002 E92D 0FF0       PUSH             {R4-R11}    ;save r4-r11
   14 00000006         
   15 00000006         ;Load R1 with currentPtr
   16 00000006 480E            LDR              R0, = currentThread ;r0 = point
                                                            er to currentPtr
   17 00000008 6801            LDR              R1, [R0]    ;r1 = currentPtr
   18 0000000A         
   19 0000000A F8C1 D000       STR              SP, [R1]
   20 0000000E 6849            LDR              R1, [R1,#4] ;r1 = currentPtr - 
                                                            nextPtr
   21 00000010         
   22 00000010 6001            STR              R1, [R0]    ;currentPtr = r1
   23 00000012 6001            STR              R1, [R0]    ;currentPtr = r1
   24 00000014         
   25 00000014 F8D1 D000       LDR              SP, [R1]    ;SP = currentPtr->s
                                                            tackPtr
   26 00000018         
   27 00000018 E8BD 0FF0       POP              {R4-R11}    ;restore r4-r11
   28 0000001C B662            CPSIE            I           ;Enable interrupt
   29 0000001E         
   30 0000001E 4770            BX               LR          ;restore r0,r1,r2,r
                                                            3,r12,lr,pc,psr
   31 00000020         
   32 00000020         ;executed when scheduler is launched
   33 00000020         osSchedulerLaunch
   34 00000020         
   35 00000020 4807            LDR              R0, = currentThread ;r0 = point
                                                            er to currentPtr
   36 00000022 6802            LDR              R2,[R0]     ;r2 = currentPtr
   37 00000024         
   38 00000024 F8D2 D000       LDR              SP, [R2]    ;SP = currentPtr->s
                                                            tackPtr
   39 00000028         
   40 00000028 E8BD 0FF0       POP              {R4-R11}
   41 0000002C BC0F            POP              {R0-R3}
   42 0000002E F85D CB04       POP              {R12}
   43 00000032 B001            ADD              SP,SP,#4    ;Discard LR from in
                                                            itial stack
   44 00000034 F85D EB04       POP              {LR}        ;tart location
   45 00000038 B001            ADD              SP,SP,#4    ;Discard PSR
   46 0000003A         
   47 0000003A B662            CPSIE            I
   48 0000003C 4770            BX               LR          ;start first thread
                                                            
   49 0000003E         
   50 0000003E 00 00           ALIGN
   51 00000040                 END



ARM Macro Assembler    Page 2 


              00000000 
Command Line: --debug --xref --diag_suppress=9931 --cpu=Cortex-M4.fp.sp --apcs=
interwork --depend=.\objects\arikeosa.d -o.\objects\arikeosa.o -I.\RTE\_cortex-
m4 -IC:\Users\engrp\AppData\Local\Arm\Packs\ARM\CMSIS\5.7.0\CMSIS\Core\Include 
-IC:\Users\engrp\AppData\Local\Arm\Packs\Keil\STM32F4xx_DFP\2.15.0\Drivers\CMSI
S\Device\ST\STM32F4xx\Include --predefine="__EVAL SETA 1" --predefine="__UVISIO
N_VERSION SETA 533" --predefine="_RTE_ SETA 1" --predefine="STM32F401xE SETA 1"
 --predefine="_RTE_ SETA 1" --list=.\listings\arikeosa.lst arikeosa.s



ARM Macro Assembler    Page 1 Alphabetic symbol ordering
Relocatable symbols

.text 00000000

Symbol: .text
   Definitions
      At line 1 in file arikeosa.s
   Uses
      None
Comment: .text unused
SysTick_Handler 00000000

Symbol: SysTick_Handler
   Definitions
      At line 10 in file arikeosa.s
   Uses
      At line 5 in file arikeosa.s
Comment: SysTick_Handler used once
osSchedulerLaunch 00000020

Symbol: osSchedulerLaunch
   Definitions
      At line 33 in file arikeosa.s
   Uses
      At line 4 in file arikeosa.s
Comment: osSchedulerLaunch used once
3 symbols



ARM Macro Assembler    Page 1 Alphabetic symbol ordering
External symbols

currentThread 00000000

Symbol: currentThread
   Definitions
      At line 3 in file arikeosa.s
   Uses
      At line 16 in file arikeosa.s
      At line 35 in file arikeosa.s

1 symbol
341 symbols in table
